Running php-build composer
WARNING! Your password will be stored unencrypted in /home/runner/.docker/config.json.
Configure a credential helper to remove this warning. See
https://docs.docker.com/engine/reference/commandline/login/#credentials-store

Login Succeeded
Pulling docker.pkg.github.com/gwleuverink/relay/php-actions_composer_relay:php-8.3-build2.1.0
Error response from daemon: manifest unknown
Dockerfile:
FROM php:8.3-cli-alpine
RUN apk add --update --no-cache bash coreutils git make openssh patch unzip zip
#0 building with "default" instance using docker driver

#1 [internal] load build definition from Dockerfile-php-build
#1 transferring dockerfile: 151B done
#1 DONE 0.0s

#2 [auth] library/php:pull token for registry-1.docker.io
#2 DONE 0.0s

#3 [internal] load metadata for docker.io/library/php:8.3-cli-alpine
#3 DONE 0.6s

#4 [internal] load .dockerignore
#4 transferring context: 2B done
#4 DONE 0.0s

#5 [1/2] FROM docker.io/library/php:8.3-cli-alpine@sha256:4f8df80e2508a184f5e27cd524bc524f3ace9f8a16e4e39280069df391d14551
#5 DONE 0.0s

#6 importing cache manifest from docker.pkg.github.com/gwleuverink/relay/php-actions_composer_relay:php-8.3-build2.1.0
#6 ERROR: failed to configure registry cache importer: unexpected status from HEAD request to https://docker.pkg.github.com/v2/gwleuverink/relay/php-actions_composer_relay/manifests/php-8.3-build2.1.0: 401 Unauthorized

#5 [1/2] FROM docker.io/library/php:8.3-cli-alpine@sha256:4f8df80e2508a184f5e27cd524bc524f3ace9f8a16e4e39280069df391d14551
#5 resolve docker.io/library/php:8.3-cli-alpine@sha256:4f8df80e2508a184f5e27cd524bc524f3ace9f8a16e4e39280069df391d14551 done
#5 sha256:4f8df80e2508a184f5e27cd524bc524f3ace9f8a16e4e39280069df391d14551 10.31kB / 10.31kB done
#5 sha256:41ab576a7fd2702a4921f50bc69be52460414e1d3a2d6e70676180e9ae8d4b78 2.68kB / 2.68kB done
#5 sha256:38a8310d387e375e0ec6fabe047a9149e8eb214073db9f461fee6251fd936a75 0B / 3.64MB 0.1s
#5 sha256:20d283242ad0de6813139f9c9b5fc72d0b125eb78e40d9298594c762580e3a7b 0B / 3.34MB 0.1s
#5 sha256:4c7c3200ac5938f5dc2aab90f5efb9df5a9d486aeebd8db80139a0f26b456d5b 0B / 945B 0.1s
#5 sha256:239a1291fe2284fcb39dfd355b9dcea39b18e728a6be63149baf4e0db5bd669d 7.60kB / 7.60kB done
#5 sha256:38a8310d387e375e0ec6fabe047a9149e8eb214073db9f461fee6251fd936a75 3.64MB / 3.64MB 0.2s done
#5 sha256:4c7c3200ac5938f5dc2aab90f5efb9df5a9d486aeebd8db80139a0f26b456d5b 945B / 945B 0.2s done
#5 extracting sha256:38a8310d387e375e0ec6fabe047a9149e8eb214073db9f461fee6251fd936a75 0.1s done
#5 sha256:76e9412f099273385b7304878b34da2c653043403567b1c192566746c8e0912b 0B / 217B 0.2s
#5 sha256:34123a4ed30079172aebe7c1d2c7d6b40b602a74dccaba93ccaf7f11d9860f9c 0B / 12.54MB 0.2s
#5 sha256:20d283242ad0de6813139f9c9b5fc72d0b125eb78e40d9298594c762580e3a7b 3.34MB / 3.34MB 0.3s done
#5 sha256:76e9412f099273385b7304878b34da2c653043403567b1c192566746c8e0912b 217B / 217B 0.2s done
#5 sha256:34123a4ed30079172aebe7c1d2c7d6b40b602a74dccaba93ccaf7f11d9860f9c 2.10MB / 12.54MB 0.4s
#5 sha256:b105568d5c21cfc212aecb817a43debfd8bf6f7dbae2ba422eddbd7464ad6e3d 486B / 486B 0.3s done
#5 sha256:bef9ae4fea37375e6bfc52323123147a47441f3baf5953c51f0cb435233f2972 5.24MB / 17.34MB 0.4s
#5 extracting sha256:20d283242ad0de6813139f9c9b5fc72d0b125eb78e40d9298594c762580e3a7b
#5 sha256:1faeae345c558d62e8e53fcdb95f8647941fe9e38919fc79275848bc4b24526b 0B / 2.44kB 0.4s
#5 sha256:34123a4ed30079172aebe7c1d2c7d6b40b602a74dccaba93ccaf7f11d9860f9c 8.43MB / 12.54MB 0.5s
#5 sha256:bef9ae4fea37375e6bfc52323123147a47441f3baf5953c51f0cb435233f2972 16.78MB / 17.34MB 0.5s
#5 extracting sha256:20d283242ad0de6813139f9c9b5fc72d0b125eb78e40d9298594c762580e3a7b 0.1s done
#5 sha256:1faeae345c558d62e8e53fcdb95f8647941fe9e38919fc79275848bc4b24526b 2.44kB / 2.44kB 0.4s done
#5 sha256:a6bba01b326fcba2b86237b6b5189f0f59f8c0b6099903f696ca64b3ef3ceff0 20.07kB / 20.07kB 0.5s
#5 sha256:34123a4ed30079172aebe7c1d2c7d6b40b602a74dccaba93ccaf7f11d9860f9c 12.54MB / 12.54MB 0.6s done
#5 sha256:bef9ae4fea37375e6bfc52323123147a47441f3baf5953c51f0cb435233f2972 17.34MB / 17.34MB 0.5s done
#5 sha256:a6bba01b326fcba2b86237b6b5189f0f59f8c0b6099903f696ca64b3ef3ceff0 20.07kB / 20.07kB 0.5s done
#5 extracting sha256:4c7c3200ac5938f5dc2aab90f5efb9df5a9d486aeebd8db80139a0f26b456d5b done
#5 extracting sha256:76e9412f099273385b7304878b34da2c653043403567b1c192566746c8e0912b
#5 extracting sha256:76e9412f099273385b7304878b34da2c653043403567b1c192566746c8e0912b done
#5 extracting sha256:34123a4ed30079172aebe7c1d2c7d6b40b602a74dccaba93ccaf7f11d9860f9c 0.1s done
#5 extracting sha256:b105568d5c21cfc212aecb817a43debfd8bf6f7dbae2ba422eddbd7464ad6e3d done
#5 extracting sha256:bef9ae4fea37375e6bfc52323123147a47441f3baf5953c51f0cb435233f2972
#5 extracting sha256:bef9ae4fea37375e6bfc52323123147a47441f3baf5953c51f0cb435233f2972 0.5s done
#5 extracting sha256:1faeae345c558d62e8e53fcdb95f8647941fe9e38919fc79275848bc4b24526b
#5 extracting sha256:1faeae345c558d62e8e53fcdb95f8647941fe9e38919fc79275848bc4b24526b done
#5 extracting sha256:a6bba01b326fcba2b86237b6b5189f0f59f8c0b6099903f696ca64b3ef3ceff0 done
#5 DONE 3.5s

#7 [2/2] RUN apk add --update --no-cache bash coreutils git make openssh patch unzip zip
#7 0.148 fetch https://dl-cdn.alpinelinux.org/alpine/v3.21/main/x86_64/APKINDEX.tar.gz
#7 0.256 fetch https://dl-cdn.alpinelinux.org/alpine/v3.21/community/x86_64/APKINDEX.tar.gz
#7 0.535 (1/24) Installing bash (5.2.37-r0)
#7 0.560 Executing bash-5.2.37-r0.post-install
#7 0.563 (2/24) Installing coreutils-env (9.5-r1)
#7 0.575 (3/24) Installing coreutils-fmt (9.5-r1)
#7 0.586 (4/24) Installing coreutils-sha512sum (9.5-r1)
#7 0.597 (5/24) Installing libattr (2.5.2-r2)
#7 0.607 (6/24) Installing skalibs-libs (2.14.3.0-r0)
#7 0.619 (7/24) Installing utmps-libs (0.1.2.3-r2)
#7 0.628 (8/24) Installing coreutils (9.5-r1)
#7 0.656 (9/24) Installing libexpat (2.6.4-r0)
#7 0.667 (10/24) Installing pcre2 (10.43-r0)
#7 0.682 (11/24) Installing git (2.47.1-r0)
#7 0.751 (12/24) Installing git-init-template (2.47.1-r0)
#7 0.764 (13/24) Installing make (4.4.1-r2)
#7 0.776 (14/24) Installing openssh-keygen (9.9_p1-r2)
#7 0.789 (15/24) Installing libedit (20240808.3.1-r0)
#7 0.801 (16/24) Installing openssh-client-common (9.9_p1-r2)
#7 0.827 (17/24) Installing openssh-client-default (9.9_p1-r2)
#7 0.844 (18/24) Installing openssh-sftp-server (9.9_p1-r2)
#7 0.856 (19/24) Installing openssh-server-common (9.9_p1-r2)
#7 0.865 (20/24) Installing openssh-server (9.9_p1-r2)
#7 0.886 (21/24) Installing openssh (9.9_p1-r2)
#7 0.898 (22/24) Installing patch (2.7.6-r10)
#7 0.909 (23/24) Installing unzip (6.0-r15)
#7 0.922 (24/24) Installing zip (3.0-r13)
#7 0.936 Executing busybox-1.37.0-r8.trigger
#7 0.943 OK: 35 MiB in 64 packages
#7 DONE 1.1s

#8 exporting to image
#8 exporting layers
#8 exporting layers 0.8s done
#8 writing image sha256:2174eb6195811da91d1d201b5a9b4c6a1f0955a2f9d890e8c623a6d996155c8c done
#8 naming to docker.pkg.github.com/gwleuverink/relay/php-actions_composer_relay:php-8.3-build2.1.0 done
#8 DONE 0.8s
------
 > importing cache manifest from docker.pkg.github.com/gwleuverink/relay/php-actions_composer_relay:php-8.3-build2.1.0:
------
The push refers to repository [docker.pkg.github.com/gwleuverink/relay/php-actions_composer_relay]
2439dcd2b20b: Preparing
13b855323352: Preparing
adaecf912e0e: Preparing
74399566ab8e: Preparing
307ec6f28941: Preparing
27e2b3b1b4c1: Preparing
f5e9058f1754: Preparing
998d8ae8ed10: Preparing
3a23e1aab3a8: Preparing
3e01818d79cd: Preparing
f5e9058f1754: Waiting
998d8ae8ed10: Waiting
3a23e1aab3a8: Waiting
3e01818d79cd: Waiting
27e2b3b1b4c1: Waiting
denied: installation not allowed to Create organization package
WARNING: Failed to push Docker image to "docker.pkg.github.com/gwleuverink/relay/php-actions_composer_relay:php-8.3-build2.1.0", this is probably due to missing permissions on GitHub.
Will continue as this is just an optimization to improve speed of next build.
Docker tag: docker.pkg.github.com/gwleuverink/relay/php-actions_composer_relay:php-8.3-build2.1.0
No private keys supplied
Command: composer install --no-progress --no-interaction
Skipping env variable PWD
Skipping env variable HOME
Skipping env variable SHLVL
Skipping env variable PATH
